2025-03-19 11:03:44 TRACE AnnotationConfigApplicationContext - Refreshing org.springframework.context.annotation.AnnotationConfigApplicationContext@3023df74, started on Wed Mar 19 11:03:44 GMT 2025
2025-03-19 11:03:44 DEBUG DefaultListableBeanFactory - Creating shared instance of singleton bean 'org.springframework.context.annotation.internalConfigurationAnnotationProcessor'
2025-03-19 11:03:44 TRACE DefaultListableBeanFactory - Creating instance of bean 'org.springframework.context.annotation.internalConfigurationAnnotationProcessor'
2025-03-19 11:03:44 TRACE DefaultListableBeanFactory - Eagerly caching bean 'org.springframework.context.annotation.internalConfigurationAnnotationProcessor' to allow for resolving potential circular references
2025-03-19 11:03:44 TRACE DefaultListableBeanFactory - Finished creating instance of bean 'org.springframework.context.annotation.internalConfigurationAnnotationProcessor'
2025-03-19 11:03:44 TRACE PathMatchingResourcePatternResolver - Resolved module-path location pattern [ie/gti/recordsystem/**/*.class] to resources []
2025-03-19 11:03:44 TRACE PathMatchingResourcePatternResolver - Resolved module-path location pattern [ie/gti/recordsystem/] to resources []
2025-03-19 11:03:44 TRACE PathMatchingResourcePatternResolver - Resolved class path location [ie/gti/recordsystem/] to resources [file [C:\DevJava\gti\gti_record_system\target\classes\ie\gti\recordsystem]]
2025-03-19 11:03:44 TRACE PathMatchingResourcePatternResolver - Searching directory [C:\DevJava\gti\gti_record_system\target\classes\ie\gti\recordsystem] for files matching pattern [**/*.class]
2025-03-19 11:03:45 TRACE PathMatchingResourcePatternResolver - Resolved location pattern [classpath*:ie/gti/recordsystem/**/*.class] to resources [file [C:\DevJava\gti\gti_record_system\target\classes\ie\gti\recordsystem\config\ApplicationConfig.class], file [C:\DevJava\gti\gti_record_system\target\classes\ie\gti\recordsystem\dao\mapper\RoleMapper.class], file [C:\DevJava\gti\gti_record_system\target\classes\ie\gti\recordsystem\dao\mapper\UserMapper.class], file [C:\DevJava\gti\gti_record_system\target\classes\ie\gti\recordsystem\dao\UserDao.class], file [C:\DevJava\gti\gti_record_system\target\classes\ie\gti\recordsystem\dao\UserDaoImpl$1.class], file [C:\DevJava\gti\gti_record_system\target\classes\ie\gti\recordsystem\dao\UserDaoImpl$2.class], file [C:\DevJava\gti\gti_record_system\target\classes\ie\gti\recordsystem\dao\UserDaoImpl$3.class], file [C:\DevJava\gti\gti_record_system\target\classes\ie\gti\recordsystem\dao\UserDaoImpl$4.class], file [C:\DevJava\gti\gti_record_system\target\classes\ie\gti\recordsystem\dao\UserDaoImpl.class], file [C:\DevJava\gti\gti_record_system\target\classes\ie\gti\recordsystem\dao\UserRolesDao.class], file [C:\DevJava\gti\gti_record_system\target\classes\ie\gti\recordsystem\dao\UserRolesDaoImpl$1.class], file [C:\DevJava\gti\gti_record_system\target\classes\ie\gti\recordsystem\dao\UserRolesDaoImpl.class], file [C:\DevJava\gti\gti_record_system\target\classes\ie\gti\recordsystem\db\JdbcConnectionManager.class], file [C:\DevJava\gti\gti_record_system\target\classes\ie\gti\recordsystem\GtiRecord.class], file [C:\DevJava\gti\gti_record_system\target\classes\ie\gti\recordsystem\model\Assignment.class], file [C:\DevJava\gti\gti_record_system\target\classes\ie\gti\recordsystem\model\Course.class], file [C:\DevJava\gti\gti_record_system\target\classes\ie\gti\recordsystem\model\Group.class], file [C:\DevJava\gti\gti_record_system\target\classes\ie\gti\recordsystem\model\GroupSubject.class], file [C:\DevJava\gti\gti_record_system\target\classes\ie\gti\recordsystem\model\Permission.class], file [C:\DevJava\gti\gti_record_system\target\classes\ie\gti\recordsystem\model\Person.class], file [C:\DevJava\gti\gti_record_system\target\classes\ie\gti\recordsystem\model\Role$RoleType.class], file [C:\DevJava\gti\gti_record_system\target\classes\ie\gti\recordsystem\model\Role.class], file [C:\DevJava\gti\gti_record_system\target\classes\ie\gti\recordsystem\model\Student.class], file [C:\DevJava\gti\gti_record_system\target\classes\ie\gti\recordsystem\model\StudentAssignment.class], file [C:\DevJava\gti\gti_record_system\target\classes\ie\gti\recordsystem\model\Subject.class], file [C:\DevJava\gti\gti_record_system\target\classes\ie\gti\recordsystem\model\Teacher.class], file [C:\DevJava\gti\gti_record_system\target\classes\ie\gti\recordsystem\model\User.class], file [C:\DevJava\gti\gti_record_system\target\classes\ie\gti\recordsystem\model\UserRoles.class], file [C:\DevJava\gti\gti_record_system\target\classes\ie\gti\recordsystem\service\UserService.class], file [C:\DevJava\gti\gti_record_system\target\classes\ie\gti\recordsystem\service\UserServiceImpl.class], file [C:\DevJava\gti\gti_record_system\target\classes\ie\gti\recordsystem\ui\AbstractForm.class], file [C:\DevJava\gti\gti_record_system\target\classes\ie\gti\recordsystem\ui\FrameManager.class], file [C:\DevJava\gti\gti_record_system\target\classes\ie\gti\recordsystem\ui\frame\ButtonEditor$1.class], file [C:\DevJava\gti\gti_record_system\target\classes\ie\gti\recordsystem\ui\frame\ButtonEditor.class], file [C:\DevJava\gti\gti_record_system\target\classes\ie\gti\recordsystem\ui\frame\ButtonRenderer.class], file [C:\DevJava\gti\gti_record_system\target\classes\ie\gti\recordsystem\ui\frame\GroupFrame$1.class], file [C:\DevJava\gti\gti_record_system\target\classes\ie\gti\recordsystem\ui\frame\GroupFrame.class], file [C:\DevJava\gti\gti_record_system\target\classes\ie\gti\recordsystem\ui\frame\LoginFrame$1.class], file [C:\DevJava\gti\gti_record_system\target\classes\ie\gti\recordsystem\ui\frame\LoginFrame$2.class], file [C:\DevJava\gti\gti_record_system\target\classes\ie\gti\recordsystem\ui\frame\LoginFrame$3.class], file [C:\DevJava\gti\gti_record_system\target\classes\ie\gti\recordsystem\ui\frame\LoginFrame$4.class], file [C:\DevJava\gti\gti_record_system\target\classes\ie\gti\recordsystem\ui\frame\LoginFrame$5.class], file [C:\DevJava\gti\gti_record_system\target\classes\ie\gti\recordsystem\ui\frame\LoginFrame.class], file [C:\DevJava\gti\gti_record_system\target\classes\ie\gti\recordsystem\ui\frame\MainFrame$1.class], file [C:\DevJava\gti\gti_record_system\target\classes\ie\gti\recordsystem\ui\frame\MainFrame$2.class], file [C:\DevJava\gti\gti_record_system\target\classes\ie\gti\recordsystem\ui\frame\MainFrame$3.class], file [C:\DevJava\gti\gti_record_system\target\classes\ie\gti\recordsystem\ui\frame\MainFrame$4.class], file [C:\DevJava\gti\gti_record_system\target\classes\ie\gti\recordsystem\ui\frame\MainFrame$5.class], file [C:\DevJava\gti\gti_record_system\target\classes\ie\gti\recordsystem\ui\frame\MainFrame$6.class], file [C:\DevJava\gti\gti_record_system\target\classes\ie\gti\recordsystem\ui\frame\MainFrame$7.class], file [C:\DevJava\gti\gti_record_system\target\classes\ie\gti\recordsystem\ui\frame\MainFrame$8.class], file [C:\DevJava\gti\gti_record_system\target\classes\ie\gti\recordsystem\ui\frame\MainFrame.class], file [C:\DevJava\gti\gti_record_system\target\classes\ie\gti\recordsystem\ui\frame\TeacherFrame$1.class], file [C:\DevJava\gti\gti_record_system\target\classes\ie\gti\recordsystem\ui\frame\TeacherFrame$2.class], file [C:\DevJava\gti\gti_record_system\target\classes\ie\gti\recordsystem\ui\frame\TeacherFrame.class], file [C:\DevJava\gti\gti_record_system\target\classes\ie\gti\recordsystem\ui\frame\UserFrame$1.class], file [C:\DevJava\gti\gti_record_system\target\classes\ie\gti\recordsystem\ui\frame\UserFrame$2.class], file [C:\DevJava\gti\gti_record_system\target\classes\ie\gti\recordsystem\ui\frame\UserFrame$3.class], file [C:\DevJava\gti\gti_record_system\target\classes\ie\gti\recordsystem\ui\frame\UserFrame$4.class], file [C:\DevJava\gti\gti_record_system\target\classes\ie\gti\recordsystem\ui\frame\UserFrame$5.class], file [C:\DevJava\gti\gti_record_system\target\classes\ie\gti\recordsystem\ui\frame\UserFrame$6.class], file [C:\DevJava\gti\gti_record_system\target\classes\ie\gti\recordsystem\ui\frame\UserFrame$7.class], file [C:\DevJava\gti\gti_record_system\target\classes\ie\gti\recordsystem\ui\frame\UserFrame$8.class], file [C:\DevJava\gti\gti_record_system\target\classes\ie\gti\recordsystem\ui\frame\UserFrame.class], file [C:\DevJava\gti\gti_record_system\target\classes\ie\gti\recordsystem\ui\JGtiTable.class]]
2025-03-19 11:03:45 TRACE ClassPathBeanDefinitionScanner - Scanning file [C:\DevJava\gti\gti_record_system\target\classes\ie\gti\recordsystem\config\ApplicationConfig.class]
2025-03-19 11:03:45 TRACE ClassPathBeanDefinitionScanner - Ignored because not matching any filter: file [C:\DevJava\gti\gti_record_system\target\classes\ie\gti\recordsystem\config\ApplicationConfig.class]
2025-03-19 11:03:45 TRACE ClassPathBeanDefinitionScanner - Scanning file [C:\DevJava\gti\gti_record_system\target\classes\ie\gti\recordsystem\dao\mapper\RoleMapper.class]
2025-03-19 11:03:45 TRACE ClassPathBeanDefinitionScanner - Ignored because not matching any filter: file [C:\DevJava\gti\gti_record_system\target\classes\ie\gti\recordsystem\dao\mapper\RoleMapper.class]
2025-03-19 11:03:45 TRACE ClassPathBeanDefinitionScanner - Scanning file [C:\DevJava\gti\gti_record_system\target\classes\ie\gti\recordsystem\dao\mapper\UserMapper.class]
2025-03-19 11:03:45 TRACE ClassPathBeanDefinitionScanner - Ignored because not matching any filter: file [C:\DevJava\gti\gti_record_system\target\classes\ie\gti\recordsystem\dao\mapper\UserMapper.class]
2025-03-19 11:03:45 TRACE ClassPathBeanDefinitionScanner - Scanning file [C:\DevJava\gti\gti_record_system\target\classes\ie\gti\recordsystem\dao\UserDao.class]
2025-03-19 11:03:45 DEBUG ClassPathBeanDefinitionScanner - Ignored because not a concrete top-level class: file [C:\DevJava\gti\gti_record_system\target\classes\ie\gti\recordsystem\dao\UserDao.class]
2025-03-19 11:03:45 TRACE ClassPathBeanDefinitionScanner - Scanning file [C:\DevJava\gti\gti_record_system\target\classes\ie\gti\recordsystem\dao\UserDaoImpl$1.class]
2025-03-19 11:03:45 TRACE ClassPathBeanDefinitionScanner - Ignored because not matching any filter: file [C:\DevJava\gti\gti_record_system\target\classes\ie\gti\recordsystem\dao\UserDaoImpl$1.class]
2025-03-19 11:03:45 TRACE ClassPathBeanDefinitionScanner - Scanning file [C:\DevJava\gti\gti_record_system\target\classes\ie\gti\recordsystem\dao\UserDaoImpl$2.class]
2025-03-19 11:03:45 TRACE ClassPathBeanDefinitionScanner - Ignored because not matching any filter: file [C:\DevJava\gti\gti_record_system\target\classes\ie\gti\recordsystem\dao\UserDaoImpl$2.class]
2025-03-19 11:03:45 TRACE ClassPathBeanDefinitionScanner - Scanning file [C:\DevJava\gti\gti_record_system\target\classes\ie\gti\recordsystem\dao\UserDaoImpl$3.class]
2025-03-19 11:03:45 TRACE ClassPathBeanDefinitionScanner - Ignored because not matching any filter: file [C:\DevJava\gti\gti_record_system\target\classes\ie\gti\recordsystem\dao\UserDaoImpl$3.class]
2025-03-19 11:03:45 TRACE ClassPathBeanDefinitionScanner - Scanning file [C:\DevJava\gti\gti_record_system\target\classes\ie\gti\recordsystem\dao\UserDaoImpl$4.class]
2025-03-19 11:03:45 TRACE ClassPathBeanDefinitionScanner - Ignored because not matching any filter: file [C:\DevJava\gti\gti_record_system\target\classes\ie\gti\recordsystem\dao\UserDaoImpl$4.class]
2025-03-19 11:03:45 TRACE ClassPathBeanDefinitionScanner - Scanning file [C:\DevJava\gti\gti_record_system\target\classes\ie\gti\recordsystem\dao\UserDaoImpl.class]
2025-03-19 11:03:45 DEBUG ClassPathBeanDefinitionScanner - Identified candidate component class: file [C:\DevJava\gti\gti_record_system\target\classes\ie\gti\recordsystem\dao\UserDaoImpl.class]
2025-03-19 11:03:45 TRACE ClassPathBeanDefinitionScanner - Scanning file [C:\DevJava\gti\gti_record_system\target\classes\ie\gti\recordsystem\dao\UserRolesDao.class]
2025-03-19 11:03:45 DEBUG ClassPathBeanDefinitionScanner - Ignored because not a concrete top-level class: file [C:\DevJava\gti\gti_record_system\target\classes\ie\gti\recordsystem\dao\UserRolesDao.class]
2025-03-19 11:03:45 TRACE ClassPathBeanDefinitionScanner - Scanning file [C:\DevJava\gti\gti_record_system\target\classes\ie\gti\recordsystem\dao\UserRolesDaoImpl$1.class]
2025-03-19 11:03:45 TRACE ClassPathBeanDefinitionScanner - Ignored because not matching any filter: file [C:\DevJava\gti\gti_record_system\target\classes\ie\gti\recordsystem\dao\UserRolesDaoImpl$1.class]
2025-03-19 11:03:45 TRACE ClassPathBeanDefinitionScanner - Scanning file [C:\DevJava\gti\gti_record_system\target\classes\ie\gti\recordsystem\dao\UserRolesDaoImpl.class]
2025-03-19 11:03:45 DEBUG ClassPathBeanDefinitionScanner - Identified candidate component class: file [C:\DevJava\gti\gti_record_system\target\classes\ie\gti\recordsystem\dao\UserRolesDaoImpl.class]
2025-03-19 11:03:45 TRACE ClassPathBeanDefinitionScanner - Scanning file [C:\DevJava\gti\gti_record_system\target\classes\ie\gti\recordsystem\db\JdbcConnectionManager.class]
2025-03-19 11:03:45 TRACE ClassPathBeanDefinitionScanner - Ignored because not matching any filter: file [C:\DevJava\gti\gti_record_system\target\classes\ie\gti\recordsystem\db\JdbcConnectionManager.class]
2025-03-19 11:03:45 TRACE ClassPathBeanDefinitionScanner - Scanning file [C:\DevJava\gti\gti_record_system\target\classes\ie\gti\recordsystem\GtiRecord.class]
2025-03-19 11:03:45 TRACE ClassPathBeanDefinitionScanner - Ignored because not matching any filter: file [C:\DevJava\gti\gti_record_system\target\classes\ie\gti\recordsystem\GtiRecord.class]
2025-03-19 11:03:45 TRACE ClassPathBeanDefinitionScanner - Scanning file [C:\DevJava\gti\gti_record_system\target\classes\ie\gti\recordsystem\model\Assignment.class]
2025-03-19 11:03:45 TRACE ClassPathBeanDefinitionScanner - Ignored because not matching any filter: file [C:\DevJava\gti\gti_record_system\target\classes\ie\gti\recordsystem\model\Assignment.class]
2025-03-19 11:03:45 TRACE ClassPathBeanDefinitionScanner - Scanning file [C:\DevJava\gti\gti_record_system\target\classes\ie\gti\recordsystem\model\Course.class]
2025-03-19 11:03:45 TRACE ClassPathBeanDefinitionScanner - Ignored because not matching any filter: file [C:\DevJava\gti\gti_record_system\target\classes\ie\gti\recordsystem\model\Course.class]
2025-03-19 11:03:45 TRACE ClassPathBeanDefinitionScanner - Scanning file [C:\DevJava\gti\gti_record_system\target\classes\ie\gti\recordsystem\model\Group.class]
2025-03-19 11:03:45 TRACE ClassPathBeanDefinitionScanner - Ignored because not matching any filter: file [C:\DevJava\gti\gti_record_system\target\classes\ie\gti\recordsystem\model\Group.class]
2025-03-19 11:03:45 TRACE ClassPathBeanDefinitionScanner - Scanning file [C:\DevJava\gti\gti_record_system\target\classes\ie\gti\recordsystem\model\GroupSubject.class]
2025-03-19 11:03:45 TRACE ClassPathBeanDefinitionScanner - Ignored because not matching any filter: file [C:\DevJava\gti\gti_record_system\target\classes\ie\gti\recordsystem\model\GroupSubject.class]
2025-03-19 11:03:45 TRACE ClassPathBeanDefinitionScanner - Scanning file [C:\DevJava\gti\gti_record_system\target\classes\ie\gti\recordsystem\model\Permission.class]
2025-03-19 11:03:45 TRACE ClassPathBeanDefinitionScanner - Ignored because not matching any filter: file [C:\DevJava\gti\gti_record_system\target\classes\ie\gti\recordsystem\model\Permission.class]
2025-03-19 11:03:45 TRACE ClassPathBeanDefinitionScanner - Scanning file [C:\DevJava\gti\gti_record_system\target\classes\ie\gti\recordsystem\model\Person.class]
2025-03-19 11:03:45 TRACE ClassPathBeanDefinitionScanner - Ignored because not matching any filter: file [C:\DevJava\gti\gti_record_system\target\classes\ie\gti\recordsystem\model\Person.class]
2025-03-19 11:03:45 TRACE ClassPathBeanDefinitionScanner - Scanning file [C:\DevJava\gti\gti_record_system\target\classes\ie\gti\recordsystem\model\Role$RoleType.class]
2025-03-19 11:03:45 TRACE ClassPathBeanDefinitionScanner - Ignored because not matching any filter: file [C:\DevJava\gti\gti_record_system\target\classes\ie\gti\recordsystem\model\Role$RoleType.class]
2025-03-19 11:03:45 TRACE ClassPathBeanDefinitionScanner - Scanning file [C:\DevJava\gti\gti_record_system\target\classes\ie\gti\recordsystem\model\Role.class]
2025-03-19 11:03:45 TRACE ClassPathBeanDefinitionScanner - Ignored because not matching any filter: file [C:\DevJava\gti\gti_record_system\target\classes\ie\gti\recordsystem\model\Role.class]
2025-03-19 11:03:45 TRACE ClassPathBeanDefinitionScanner - Scanning file [C:\DevJava\gti\gti_record_system\target\classes\ie\gti\recordsystem\model\Student.class]
2025-03-19 11:03:45 TRACE ClassPathBeanDefinitionScanner - Ignored because not matching any filter: file [C:\DevJava\gti\gti_record_system\target\classes\ie\gti\recordsystem\model\Student.class]
2025-03-19 11:03:45 TRACE ClassPathBeanDefinitionScanner - Scanning file [C:\DevJava\gti\gti_record_system\target\classes\ie\gti\recordsystem\model\StudentAssignment.class]
2025-03-19 11:03:45 TRACE ClassPathBeanDefinitionScanner - Ignored because not matching any filter: file [C:\DevJava\gti\gti_record_system\target\classes\ie\gti\recordsystem\model\StudentAssignment.class]
2025-03-19 11:03:45 TRACE ClassPathBeanDefinitionScanner - Scanning file [C:\DevJava\gti\gti_record_system\target\classes\ie\gti\recordsystem\model\Subject.class]
2025-03-19 11:03:45 TRACE ClassPathBeanDefinitionScanner - Ignored because not matching any filter: file [C:\DevJava\gti\gti_record_system\target\classes\ie\gti\recordsystem\model\Subject.class]
2025-03-19 11:03:45 TRACE ClassPathBeanDefinitionScanner - Scanning file [C:\DevJava\gti\gti_record_system\target\classes\ie\gti\recordsystem\model\Teacher.class]
2025-03-19 11:03:45 TRACE ClassPathBeanDefinitionScanner - Ignored because not matching any filter: file [C:\DevJava\gti\gti_record_system\target\classes\ie\gti\recordsystem\model\Teacher.class]
2025-03-19 11:03:45 TRACE ClassPathBeanDefinitionScanner - Scanning file [C:\DevJava\gti\gti_record_system\target\classes\ie\gti\recordsystem\model\User.class]
2025-03-19 11:03:45 TRACE ClassPathBeanDefinitionScanner - Ignored because not matching any filter: file [C:\DevJava\gti\gti_record_system\target\classes\ie\gti\recordsystem\model\User.class]
2025-03-19 11:03:45 TRACE ClassPathBeanDefinitionScanner - Scanning file [C:\DevJava\gti\gti_record_system\target\classes\ie\gti\recordsystem\model\UserRoles.class]
2025-03-19 11:03:45 TRACE ClassPathBeanDefinitionScanner - Ignored because not matching any filter: file [C:\DevJava\gti\gti_record_system\target\classes\ie\gti\recordsystem\model\UserRoles.class]
2025-03-19 11:03:45 TRACE ClassPathBeanDefinitionScanner - Scanning file [C:\DevJava\gti\gti_record_system\target\classes\ie\gti\recordsystem\service\UserService.class]
2025-03-19 11:03:45 DEBUG ClassPathBeanDefinitionScanner - Ignored because not a concrete top-level class: file [C:\DevJava\gti\gti_record_system\target\classes\ie\gti\recordsystem\service\UserService.class]
2025-03-19 11:03:45 TRACE ClassPathBeanDefinitionScanner - Scanning file [C:\DevJava\gti\gti_record_system\target\classes\ie\gti\recordsystem\service\UserServiceImpl.class]
2025-03-19 11:03:45 DEBUG ClassPathBeanDefinitionScanner - Identified candidate component class: file [C:\DevJava\gti\gti_record_system\target\classes\ie\gti\recordsystem\service\UserServiceImpl.class]
2025-03-19 11:03:45 TRACE ClassPathBeanDefinitionScanner - Scanning file [C:\DevJava\gti\gti_record_system\target\classes\ie\gti\recordsystem\ui\AbstractForm.class]
2025-03-19 11:03:45 TRACE ClassPathBeanDefinitionScanner - Ignored because not matching any filter: file [C:\DevJava\gti\gti_record_system\target\classes\ie\gti\recordsystem\ui\AbstractForm.class]
2025-03-19 11:03:45 TRACE ClassPathBeanDefinitionScanner - Scanning file [C:\DevJava\gti\gti_record_system\target\classes\ie\gti\recordsystem\ui\FrameManager.class]
2025-03-19 11:03:45 DEBUG ClassPathBeanDefinitionScanner - Identified candidate component class: file [C:\DevJava\gti\gti_record_system\target\classes\ie\gti\recordsystem\ui\FrameManager.class]
2025-03-19 11:03:45 TRACE ClassPathBeanDefinitionScanner - Scanning file [C:\DevJava\gti\gti_record_system\target\classes\ie\gti\recordsystem\ui\frame\ButtonEditor$1.class]
2025-03-19 11:03:45 TRACE ClassPathBeanDefinitionScanner - Ignored because not matching any filter: file [C:\DevJava\gti\gti_record_system\target\classes\ie\gti\recordsystem\ui\frame\ButtonEditor$1.class]
2025-03-19 11:03:45 TRACE ClassPathBeanDefinitionScanner - Scanning file [C:\DevJava\gti\gti_record_system\target\classes\ie\gti\recordsystem\ui\frame\ButtonEditor.class]
2025-03-19 11:03:45 TRACE ClassPathBeanDefinitionScanner - Ignored because not matching any filter: file [C:\DevJava\gti\gti_record_system\target\classes\ie\gti\recordsystem\ui\frame\ButtonEditor.class]
2025-03-19 11:03:45 TRACE ClassPathBeanDefinitionScanner - Scanning file [C:\DevJava\gti\gti_record_system\target\classes\ie\gti\recordsystem\ui\frame\ButtonRenderer.class]
2025-03-19 11:03:45 TRACE ClassPathBeanDefinitionScanner - Ignored because not matching any filter: file [C:\DevJava\gti\gti_record_system\target\classes\ie\gti\recordsystem\ui\frame\ButtonRenderer.class]
2025-03-19 11:03:45 TRACE ClassPathBeanDefinitionScanner - Scanning file [C:\DevJava\gti\gti_record_system\target\classes\ie\gti\recordsystem\ui\frame\GroupFrame$1.class]
2025-03-19 11:03:45 TRACE ClassPathBeanDefinitionScanner - Ignored because not matching any filter: file [C:\DevJava\gti\gti_record_system\target\classes\ie\gti\recordsystem\ui\frame\GroupFrame$1.class]
2025-03-19 11:03:45 TRACE ClassPathBeanDefinitionScanner - Scanning file [C:\DevJava\gti\gti_record_system\target\classes\ie\gti\recordsystem\ui\frame\GroupFrame.class]
2025-03-19 11:03:45 TRACE ClassPathBeanDefinitionScanner - Ignored because not matching any filter: file [C:\DevJava\gti\gti_record_system\target\classes\ie\gti\recordsystem\ui\frame\GroupFrame.class]
2025-03-19 11:03:45 TRACE ClassPathBeanDefinitionScanner - Scanning file [C:\DevJava\gti\gti_record_system\target\classes\ie\gti\recordsystem\ui\frame\LoginFrame$1.class]
2025-03-19 11:03:45 TRACE ClassPathBeanDefinitionScanner - Ignored because not matching any filter: file [C:\DevJava\gti\gti_record_system\target\classes\ie\gti\recordsystem\ui\frame\LoginFrame$1.class]
2025-03-19 11:03:45 TRACE ClassPathBeanDefinitionScanner - Scanning file [C:\DevJava\gti\gti_record_system\target\classes\ie\gti\recordsystem\ui\frame\LoginFrame$2.class]
2025-03-19 11:03:45 TRACE ClassPathBeanDefinitionScanner - Ignored because not matching any filter: file [C:\DevJava\gti\gti_record_system\target\classes\ie\gti\recordsystem\ui\frame\LoginFrame$2.class]
2025-03-19 11:03:45 TRACE ClassPathBeanDefinitionScanner - Scanning file [C:\DevJava\gti\gti_record_system\target\classes\ie\gti\recordsystem\ui\frame\LoginFrame$3.class]
2025-03-19 11:03:45 TRACE ClassPathBeanDefinitionScanner - Ignored because not matching any filter: file [C:\DevJava\gti\gti_record_system\target\classes\ie\gti\recordsystem\ui\frame\LoginFrame$3.class]
2025-03-19 11:03:45 TRACE ClassPathBeanDefinitionScanner - Scanning file [C:\DevJava\gti\gti_record_system\target\classes\ie\gti\recordsystem\ui\frame\LoginFrame$4.class]
2025-03-19 11:03:45 TRACE ClassPathBeanDefinitionScanner - Ignored because not matching any filter: file [C:\DevJava\gti\gti_record_system\target\classes\ie\gti\recordsystem\ui\frame\LoginFrame$4.class]
2025-03-19 11:03:45 TRACE ClassPathBeanDefinitionScanner - Scanning file [C:\DevJava\gti\gti_record_system\target\classes\ie\gti\recordsystem\ui\frame\LoginFrame$5.class]
2025-03-19 11:03:45 TRACE ClassPathBeanDefinitionScanner - Ignored because not matching any filter: file [C:\DevJava\gti\gti_record_system\target\classes\ie\gti\recordsystem\ui\frame\LoginFrame$5.class]
2025-03-19 11:03:45 TRACE ClassPathBeanDefinitionScanner - Scanning file [C:\DevJava\gti\gti_record_system\target\classes\ie\gti\recordsystem\ui\frame\LoginFrame.class]
2025-03-19 11:03:45 DEBUG ClassPathBeanDefinitionScanner - Identified candidate component class: file [C:\DevJava\gti\gti_record_system\target\classes\ie\gti\recordsystem\ui\frame\LoginFrame.class]
2025-03-19 11:03:45 TRACE ClassPathBeanDefinitionScanner - Scanning file [C:\DevJava\gti\gti_record_system\target\classes\ie\gti\recordsystem\ui\frame\MainFrame$1.class]
2025-03-19 11:03:45 TRACE ClassPathBeanDefinitionScanner - Ignored because not matching any filter: file [C:\DevJava\gti\gti_record_system\target\classes\ie\gti\recordsystem\ui\frame\MainFrame$1.class]
2025-03-19 11:03:45 TRACE ClassPathBeanDefinitionScanner - Scanning file [C:\DevJava\gti\gti_record_system\target\classes\ie\gti\recordsystem\ui\frame\MainFrame$2.class]
2025-03-19 11:03:45 TRACE ClassPathBeanDefinitionScanner - Ignored because not matching any filter: file [C:\DevJava\gti\gti_record_system\target\classes\ie\gti\recordsystem\ui\frame\MainFrame$2.class]
2025-03-19 11:03:45 TRACE ClassPathBeanDefinitionScanner - Scanning file [C:\DevJava\gti\gti_record_system\target\classes\ie\gti\recordsystem\ui\frame\MainFrame$3.class]
2025-03-19 11:03:45 TRACE ClassPathBeanDefinitionScanner - Ignored because not matching any filter: file [C:\DevJava\gti\gti_record_system\target\classes\ie\gti\recordsystem\ui\frame\MainFrame$3.class]
2025-03-19 11:03:45 TRACE ClassPathBeanDefinitionScanner - Scanning file [C:\DevJava\gti\gti_record_system\target\classes\ie\gti\recordsystem\ui\frame\MainFrame$4.class]
2025-03-19 11:03:45 TRACE ClassPathBeanDefinitionScanner - Ignored because not matching any filter: file [C:\DevJava\gti\gti_record_system\target\classes\ie\gti\recordsystem\ui\frame\MainFrame$4.class]
2025-03-19 11:03:45 TRACE ClassPathBeanDefinitionScanner - Scanning file [C:\DevJava\gti\gti_record_system\target\classes\ie\gti\recordsystem\ui\frame\MainFrame$5.class]
2025-03-19 11:03:45 TRACE ClassPathBeanDefinitionScanner - Ignored because not matching any filter: file [C:\DevJava\gti\gti_record_system\target\classes\ie\gti\recordsystem\ui\frame\MainFrame$5.class]
2025-03-19 11:03:45 TRACE ClassPathBeanDefinitionScanner - Scanning file [C:\DevJava\gti\gti_record_system\target\classes\ie\gti\recordsystem\ui\frame\MainFrame$6.class]
2025-03-19 11:03:45 TRACE ClassPathBeanDefinitionScanner - Ignored because not matching any filter: file [C:\DevJava\gti\gti_record_system\target\classes\ie\gti\recordsystem\ui\frame\MainFrame$6.class]
2025-03-19 11:03:45 TRACE ClassPathBeanDefinitionScanner - Scanning file [C:\DevJava\gti\gti_record_system\target\classes\ie\gti\recordsystem\ui\frame\MainFrame$7.class]
2025-03-19 11:03:45 TRACE ClassPathBeanDefinitionScanner - Ignored because not matching any filter: file [C:\DevJava\gti\gti_record_system\target\classes\ie\gti\recordsystem\ui\frame\MainFrame$7.class]
2025-03-19 11:03:45 TRACE ClassPathBeanDefinitionScanner - Scanning file [C:\DevJava\gti\gti_record_system\target\classes\ie\gti\recordsystem\ui\frame\MainFrame$8.class]
2025-03-19 11:03:45 TRACE ClassPathBeanDefinitionScanner - Ignored because not matching any filter: file [C:\DevJava\gti\gti_record_system\target\classes\ie\gti\recordsystem\ui\frame\MainFrame$8.class]
2025-03-19 11:03:45 TRACE ClassPathBeanDefinitionScanner - Scanning file [C:\DevJava\gti\gti_record_system\target\classes\ie\gti\recordsystem\ui\frame\MainFrame.class]
2025-03-19 11:03:45 DEBUG ClassPathBeanDefinitionScanner - Identified candidate component class: file [C:\DevJava\gti\gti_record_system\target\classes\ie\gti\recordsystem\ui\frame\MainFrame.class]
2025-03-19 11:03:45 TRACE ClassPathBeanDefinitionScanner - Scanning file [C:\DevJava\gti\gti_record_system\target\classes\ie\gti\recordsystem\ui\frame\TeacherFrame$1.class]
2025-03-19 11:03:45 TRACE ClassPathBeanDefinitionScanner - Ignored because not matching any filter: file [C:\DevJava\gti\gti_record_system\target\classes\ie\gti\recordsystem\ui\frame\TeacherFrame$1.class]
2025-03-19 11:03:45 TRACE ClassPathBeanDefinitionScanner - Scanning file [C:\DevJava\gti\gti_record_system\target\classes\ie\gti\recordsystem\ui\frame\TeacherFrame$2.class]
2025-03-19 11:03:45 TRACE ClassPathBeanDefinitionScanner - Ignored because not matching any filter: file [C:\DevJava\gti\gti_record_system\target\classes\ie\gti\recordsystem\ui\frame\TeacherFrame$2.class]
2025-03-19 11:03:45 TRACE ClassPathBeanDefinitionScanner - Scanning file [C:\DevJava\gti\gti_record_system\target\classes\ie\gti\recordsystem\ui\frame\TeacherFrame.class]
2025-03-19 11:03:45 DEBUG ClassPathBeanDefinitionScanner - Identified candidate component class: file [C:\DevJava\gti\gti_record_system\target\classes\ie\gti\recordsystem\ui\frame\TeacherFrame.class]
2025-03-19 11:03:45 TRACE ClassPathBeanDefinitionScanner - Scanning file [C:\DevJava\gti\gti_record_system\target\classes\ie\gti\recordsystem\ui\frame\UserFrame$1.class]
2025-03-19 11:03:45 TRACE ClassPathBeanDefinitionScanner - Ignored because not matching any filter: file [C:\DevJava\gti\gti_record_system\target\classes\ie\gti\recordsystem\ui\frame\UserFrame$1.class]
2025-03-19 11:03:45 TRACE ClassPathBeanDefinitionScanner - Scanning file [C:\DevJava\gti\gti_record_system\target\classes\ie\gti\recordsystem\ui\frame\UserFrame$2.class]
2025-03-19 11:03:45 TRACE ClassPathBeanDefinitionScanner - Ignored because not matching any filter: file [C:\DevJava\gti\gti_record_system\target\classes\ie\gti\recordsystem\ui\frame\UserFrame$2.class]
2025-03-19 11:03:45 TRACE ClassPathBeanDefinitionScanner - Scanning file [C:\DevJava\gti\gti_record_system\target\classes\ie\gti\recordsystem\ui\frame\UserFrame$3.class]
2025-03-19 11:03:45 TRACE ClassPathBeanDefinitionScanner - Ignored because not matching any filter: file [C:\DevJava\gti\gti_record_system\target\classes\ie\gti\recordsystem\ui\frame\UserFrame$3.class]
2025-03-19 11:03:45 TRACE ClassPathBeanDefinitionScanner - Scanning file [C:\DevJava\gti\gti_record_system\target\classes\ie\gti\recordsystem\ui\frame\UserFrame$4.class]
2025-03-19 11:03:45 TRACE ClassPathBeanDefinitionScanner - Ignored because not matching any filter: file [C:\DevJava\gti\gti_record_system\target\classes\ie\gti\recordsystem\ui\frame\UserFrame$4.class]
2025-03-19 11:03:45 TRACE ClassPathBeanDefinitionScanner - Scanning file [C:\DevJava\gti\gti_record_system\target\classes\ie\gti\recordsystem\ui\frame\UserFrame$5.class]
2025-03-19 11:03:45 TRACE ClassPathBeanDefinitionScanner - Ignored because not matching any filter: file [C:\DevJava\gti\gti_record_system\target\classes\ie\gti\recordsystem\ui\frame\UserFrame$5.class]
2025-03-19 11:03:45 TRACE ClassPathBeanDefinitionScanner - Scanning file [C:\DevJava\gti\gti_record_system\target\classes\ie\gti\recordsystem\ui\frame\UserFrame$6.class]
2025-03-19 11:03:45 TRACE ClassPathBeanDefinitionScanner - Ignored because not matching any filter: file [C:\DevJava\gti\gti_record_system\target\classes\ie\gti\recordsystem\ui\frame\UserFrame$6.class]
2025-03-19 11:03:45 TRACE ClassPathBeanDefinitionScanner - Scanning file [C:\DevJava\gti\gti_record_system\target\classes\ie\gti\recordsystem\ui\frame\UserFrame$7.class]
2025-03-19 11:03:45 TRACE ClassPathBeanDefinitionScanner - Ignored because not matching any filter: file [C:\DevJava\gti\gti_record_system\target\classes\ie\gti\recordsystem\ui\frame\UserFrame$7.class]
2025-03-19 11:03:45 TRACE ClassPathBeanDefinitionScanner - Scanning file [C:\DevJava\gti\gti_record_system\target\classes\ie\gti\recordsystem\ui\frame\UserFrame$8.class]
2025-03-19 11:03:45 TRACE ClassPathBeanDefinitionScanner - Ignored because not matching any filter: file [C:\DevJava\gti\gti_record_system\target\classes\ie\gti\recordsystem\ui\frame\UserFrame$8.class]
2025-03-19 11:03:45 TRACE ClassPathBeanDefinitionScanner - Scanning file [C:\DevJava\gti\gti_record_system\target\classes\ie\gti\recordsystem\ui\frame\UserFrame.class]
2025-03-19 11:03:45 DEBUG ClassPathBeanDefinitionScanner - Identified candidate component class: file [C:\DevJava\gti\gti_record_system\target\classes\ie\gti\recordsystem\ui\frame\UserFrame.class]
2025-03-19 11:03:45 TRACE ClassPathBeanDefinitionScanner - Scanning file [C:\DevJava\gti\gti_record_system\target\classes\ie\gti\recordsystem\ui\JGtiTable.class]
2025-03-19 11:03:45 TRACE ClassPathBeanDefinitionScanner - Ignored because not matching any filter: file [C:\DevJava\gti\gti_record_system\target\classes\ie\gti\recordsystem\ui\JGtiTable.class]
2025-03-19 11:03:45 TRACE ConfigurationClassBeanDefinitionReader - Registered bean definition for imported class 'org.springframework.transaction.annotation.ProxyTransactionManagementConfiguration'
2025-03-19 11:03:45 TRACE ConfigurationClassBeanDefinitionReader - Registering bean definition for @Bean method org.springframework.transaction.annotation.ProxyTransactionManagementConfiguration.org.springframework.transaction.config.internalTransactionAdvisor()
2025-03-19 11:03:45 TRACE ConfigurationClassBeanDefinitionReader - Registering bean definition for @Bean method org.springframework.transaction.annotation.ProxyTransactionManagementConfiguration.transactionInterceptor()
2025-03-19 11:03:45 TRACE ConfigurationClassBeanDefinitionReader - Registering bean definition for @Bean method org.springframework.transaction.annotation.ProxyTransactionManagementConfiguration.transactionAttributeSource()
2025-03-19 11:03:45 TRACE ConfigurationClassBeanDefinitionReader - Registering bean definition for @Bean method org.springframework.transaction.annotation.ProxyTransactionManagementConfiguration.org.springframework.transaction.config.internalTransactionalEventListenerFactory()
2025-03-19 11:03:45 TRACE ConfigurationClassBeanDefinitionReader - Registering bean definition for @Bean method ie.gti.recordsystem.config.ApplicationConfig.dataSource()
2025-03-19 11:03:45 TRACE ConfigurationClassBeanDefinitionReader - Registering bean definition for @Bean method ie.gti.recordsystem.config.ApplicationConfig.jdbcTemplate()
2025-03-19 11:03:45 TRACE ConfigurationClassBeanDefinitionReader - Registering bean definition for @Bean method ie.gti.recordsystem.config.ApplicationConfig.transactionManager()
2025-03-19 11:03:45 TRACE ConfigurationClassEnhancer - Successfully enhanced ie.gti.recordsystem.config.ApplicationConfig; enhanced class name is: ie.gti.recordsystem.config.ApplicationConfig$$SpringCGLIB$$0
2025-03-19 11:03:45 TRACE ConfigurationClassPostProcessor - Replacing bean definition 'applicationConfig' existing class 'ie.gti.recordsystem.config.ApplicationConfig' with enhanced class 'ie.gti.recordsystem.config.ApplicationConfig$$SpringCGLIB$$0'
2025-03-19 11:03:45 DEBUG DefaultListableBeanFactory - Creating shared instance of singleton bean 'org.springframework.context.event.internalEventListenerProcessor'
2025-03-19 11:03:45 TRACE DefaultListableBeanFactory - Creating instance of bean 'org.springframework.context.event.internalEventListenerProcessor'
2025-03-19 11:03:45 TRACE DefaultListableBeanFactory - Eagerly caching bean 'org.springframework.context.event.internalEventListenerProcessor' to allow for resolving potential circular references
2025-03-19 11:03:45 TRACE DefaultListableBeanFactory - Finished creating instance of bean 'org.springframework.context.event.internalEventListenerProcessor'
2025-03-19 11:03:45 DEBUG DefaultListableBeanFactory - Creating shared instance of singleton bean 'org.springframework.context.event.internalEventListenerFactory'
2025-03-19 11:03:45 TRACE DefaultListableBeanFactory - Creating instance of bean 'org.springframework.context.event.internalEventListenerFactory'
2025-03-19 11:03:45 TRACE DefaultListableBeanFactory - Eagerly caching bean 'org.springframework.context.event.internalEventListenerFactory' to allow for resolving potential circular references
2025-03-19 11:03:45 TRACE DefaultListableBeanFactory - Finished creating instance of bean 'org.springframework.context.event.internalEventListenerFactory'
2025-03-19 11:03:45 DEBUG DefaultListableBeanFactory - Creating shared instance of singleton bean 'org.springframework.transaction.config.internalTransactionalEventListenerFactory'
2025-03-19 11:03:45 TRACE DefaultListableBeanFactory - Creating instance of bean 'org.springframework.transaction.config.internalTransactionalEventListenerFactory'
2025-03-19 11:03:45 TRACE DefaultListableBeanFactory - Eagerly caching bean 'org.springframework.transaction.config.internalTransactionalEventListenerFactory' to allow for resolving potential circular references
2025-03-19 11:03:45 TRACE DefaultListableBeanFactory - Finished creating instance of bean 'org.springframework.transaction.config.internalTransactionalEventListenerFactory'
2025-03-19 11:03:45 DEBUG DefaultListableBeanFactory - Creating shared instance of singleton bean 'org.springframework.context.annotation.internalAutowiredAnnotationProcessor'
2025-03-19 11:03:45 TRACE DefaultListableBeanFactory - Creating instance of bean 'org.springframework.context.annotation.internalAutowiredAnnotationProcessor'
2025-03-19 11:03:45 TRACE DefaultListableBeanFactory - Eagerly caching bean 'org.springframework.context.annotation.internalAutowiredAnnotationProcessor' to allow for resolving potential circular references
2025-03-19 11:03:45 TRACE DefaultListableBeanFactory - Finished creating instance of bean 'org.springframework.context.annotation.internalAutowiredAnnotationProcessor'
2025-03-19 11:03:45 DEBUG DefaultListableBeanFactory - Creating shared instance of singleton bean 'org.springframework.aop.config.internalAutoProxyCreator'
2025-03-19 11:03:45 TRACE DefaultListableBeanFactory - Creating instance of bean 'org.springframework.aop.config.internalAutoProxyCreator'
2025-03-19 11:03:45 TRACE DefaultListableBeanFactory - Eagerly caching bean 'org.springframework.aop.config.internalAutoProxyCreator' to allow for resolving potential circular references
2025-03-19 11:03:45 TRACE SpringFactoriesLoader - Loaded [org.springframework.beans.BeanInfoFactory] names: []
2025-03-19 11:03:45 TRACE CachedIntrospectionResults - Getting BeanInfo for class [org.springframework.aop.framework.autoproxy.InfrastructureAdvisorAutoProxyCreator]
2025-03-19 11:03:45 TRACE CachedIntrospectionResults - Caching PropertyDescriptors for class [org.springframework.aop.framework.autoproxy.InfrastructureAdvisorAutoProxyCreator]
2025-03-19 11:03:45 TRACE CachedIntrospectionResults - Found bean property 'advisorAdapterRegistry' of type [org.springframework.aop.framework.adapter.AdvisorAdapterRegistry]
2025-03-19 11:03:45 TRACE CachedIntrospectionResults - Found bean property 'applyCommonInterceptorsFirst' of type [boolean]
2025-03-19 11:03:45 TRACE CachedIntrospectionResults - Found bean property 'beanClassLoader' of type [java.lang.ClassLoader]
2025-03-19 11:03:45 TRACE CachedIntrospectionResults - Found bean property 'beanFactory' of type [org.springframework.beans.factory.BeanFactory]
2025-03-19 11:03:45 TRACE CachedIntrospectionResults - Found bean property 'class' of type [java.lang.Class]
2025-03-19 11:03:45 TRACE CachedIntrospectionResults - Found bean property 'customTargetSourceCreators' of type [[Lorg.springframework.aop.framework.autoproxy.TargetSourceCreator;]
2025-03-19 11:03:45 TRACE CachedIntrospectionResults - Found bean property 'exposeProxy' of type [boolean]
2025-03-19 11:03:45 TRACE CachedIntrospectionResults - Found bean property 'frozen' of type [boolean]
2025-03-19 11:03:45 TRACE CachedIntrospectionResults - Found bean property 'interceptorNames' of type [[Ljava.lang.String;]
2025-03-19 11:03:45 TRACE CachedIntrospectionResults - Found bean property 'opaque' of type [boolean]
2025-03-19 11:03:45 TRACE CachedIntrospectionResults - Found bean property 'optimize' of type [boolean]
2025-03-19 11:03:45 TRACE CachedIntrospectionResults - Found bean property 'order' of type [int]
2025-03-19 11:03:45 TRACE CachedIntrospectionResults - Found bean property 'proxyClassLoader' of type [java.lang.ClassLoader]
2025-03-19 11:03:45 TRACE CachedIntrospectionResults - Found bean property 'proxyTargetClass' of type [boolean]
2025-03-19 11:03:45 TRACE DefaultListableBeanFactory - Finished creating instance of bean 'org.springframework.aop.config.internalAutoProxyCreator'
2025-03-19 11:03:45 TRACE AnnotationConfigApplicationContext - No 'messageSource' bean, using [Empty MessageSource]
2025-03-19 11:03:45 TRACE AnnotationConfigApplicationContext - No 'applicationEventMulticaster' bean, using [SimpleApplicationEventMulticaster]
2025-03-19 11:03:45 TRACE DefaultListableBeanFactory - Pre-instantiating singletons in org.springframework.beans.factory.support.DefaultListableBeanFactory@4007f65e: defining beans [org.springframework.context.annotation.internalConfigurationAnnotationProcessor,org.springframework.context.annotation.internalAutowiredAnnotationProcessor,org.springframework.context.event.internalEventListenerProcessor,org.springframework.context.event.internalEventListenerFactory,applicationConfig,userDaoImpl,userRolesDaoImpl,userServiceImpl,frameManager,loginFrame,mainFrame,teacherFrame,userFrame,org.springframework.transaction.annotation.ProxyTransactionManagementConfiguration,org.springframework.transaction.config.internalTransactionAdvisor,transactionInterceptor,transactionAttributeSource,org.springframework.transaction.config.internalTransactionalEventListenerFactory,dataSource,jdbcTemplate,transactionManager,org.springframework.aop.config.internalAutoProxyCreator]; root of factory hierarchy
2025-03-19 11:03:45 TRACE DefaultListableBeanFactory - Returning cached instance of singleton bean 'org.springframework.context.annotation.internalConfigurationAnnotationProcessor'
2025-03-19 11:03:45 TRACE DefaultListableBeanFactory - Returning cached instance of singleton bean 'org.springframework.context.annotation.internalAutowiredAnnotationProcessor'
2025-03-19 11:03:45 TRACE DefaultListableBeanFactory - Returning cached instance of singleton bean 'org.springframework.context.event.internalEventListenerProcessor'
2025-03-19 11:03:45 TRACE DefaultListableBeanFactory - Returning cached instance of singleton bean 'org.springframework.context.event.internalEventListenerFactory'
2025-03-19 11:03:45 DEBUG DefaultListableBeanFactory - Creating shared instance of singleton bean 'applicationConfig'
2025-03-19 11:03:45 TRACE DefaultListableBeanFactory - Creating instance of bean 'applicationConfig'
2025-03-19 11:03:45 TRACE DefaultListableBeanFactory - Eagerly caching bean 'applicationConfig' to allow for resolving potential circular references
2025-03-19 11:03:45 TRACE PropertySourcesPropertyResolver - Searching for key 'url' in PropertySource 'systemProperties'
2025-03-19 11:03:45 TRACE PropertySourcesPropertyResolver - Searching for key 'url' in PropertySource 'systemEnvironment'
2025-03-19 11:03:45 TRACE PropertySourcesPropertyResolver - Searching for key 'url' in PropertySource 'class path resource [database.properties]'
2025-03-19 11:03:45 DEBUG PropertySourcesPropertyResolver - Found key 'url' in PropertySource 'class path resource [database.properties]' with value of type String
2025-03-19 11:03:45 TRACE PlaceholderParser - Resolved placeholder 'url'
2025-03-19 11:03:45 TRACE PropertySourcesPropertyResolver - Searching for key 'dbuser' in PropertySource 'systemProperties'
2025-03-19 11:03:45 TRACE PropertySourcesPropertyResolver - Searching for key 'dbuser' in PropertySource 'systemEnvironment'
2025-03-19 11:03:45 TRACE PropertySourcesPropertyResolver - Searching for key 'dbuser' in PropertySource 'class path resource [database.properties]'
2025-03-19 11:03:45 DEBUG PropertySourcesPropertyResolver - Found key 'dbuser' in PropertySource 'class path resource [database.properties]' with value of type String
2025-03-19 11:03:45 TRACE PlaceholderParser - Resolved placeholder 'dbuser'
2025-03-19 11:03:45 TRACE PropertySourcesPropertyResolver - Searching for key 'dbpassword' in PropertySource 'systemProperties'
2025-03-19 11:03:45 TRACE PropertySourcesPropertyResolver - Searching for key 'dbpassword' in PropertySource 'systemEnvironment'
2025-03-19 11:03:45 TRACE PropertySourcesPropertyResolver - Searching for key 'dbpassword' in PropertySource 'class path resource [database.properties]'
2025-03-19 11:03:45 DEBUG PropertySourcesPropertyResolver - Found key 'dbpassword' in PropertySource 'class path resource [database.properties]' with value of type String
2025-03-19 11:03:45 TRACE PlaceholderParser - Resolved placeholder 'dbpassword'
2025-03-19 11:03:45 TRACE PropertySourcesPropertyResolver - Searching for key 'driver' in PropertySource 'systemProperties'
2025-03-19 11:03:45 TRACE PropertySourcesPropertyResolver - Searching for key 'driver' in PropertySource 'systemEnvironment'
2025-03-19 11:03:45 TRACE PropertySourcesPropertyResolver - Searching for key 'driver' in PropertySource 'class path resource [database.properties]'
2025-03-19 11:03:45 DEBUG PropertySourcesPropertyResolver - Found key 'driver' in PropertySource 'class path resource [database.properties]' with value of type String
2025-03-19 11:03:45 TRACE PlaceholderParser - Resolved placeholder 'driver'
2025-03-19 11:03:45 DEBUG DefaultListableBeanFactory - Creating shared instance of singleton bean 'org.springframework.transaction.config.internalTransactionAdvisor'
2025-03-19 11:03:45 TRACE DefaultListableBeanFactory - Creating instance of bean 'org.springframework.transaction.config.internalTransactionAdvisor'
2025-03-19 11:03:45 TRACE InfrastructureAdvisorAutoProxyCreator - Did not attempt to auto-proxy infrastructure class [org.springframework.transaction.interceptor.BeanFactoryTransactionAttributeSourceAdvisor]
2025-03-19 11:03:45 DEBUG DefaultListableBeanFactory - Creating shared instance of singleton bean 'org.springframework.transaction.annotation.ProxyTransactionManagementConfiguration'
2025-03-19 11:03:45 TRACE DefaultListableBeanFactory - Creating instance of bean 'org.springframework.transaction.annotation.ProxyTransactionManagementConfiguration'
2025-03-19 11:03:45 TRACE CachedIntrospectionResults - Getting BeanInfo for class [org.springframework.transaction.annotation.ProxyTransactionManagementConfiguration]
2025-03-19 11:03:45 TRACE CachedIntrospectionResults - Caching PropertyDescriptors for class [org.springframework.transaction.annotation.ProxyTransactionManagementConfiguration]
2025-03-19 11:03:45 TRACE CachedIntrospectionResults - Found bean property 'class' of type [java.lang.Class]
2025-03-19 11:03:45 TRACE CachedIntrospectionResults - Found bean property 'importMetadata' of type [org.springframework.core.type.AnnotationMetadata]
2025-03-19 11:03:45 TRACE DefaultListableBeanFactory - Eagerly caching bean 'org.springframework.transaction.annotation.ProxyTransactionManagementConfiguration' to allow for resolving potential circular references
2025-03-19 11:03:45 TRACE DefaultListableBeanFactory - Returning cached instance of singleton bean 'org.springframework.context.annotation.ConfigurationClassPostProcessor.importRegistry'
2025-03-19 11:03:45 TRACE BeanFactoryAdvisorRetrievalHelper - Skipping currently created advisor 'org.springframework.transaction.config.internalTransactionAdvisor'
2025-03-19 11:03:45 TRACE DefaultListableBeanFactory - Finished creating instance of bean 'org.springframework.transaction.annotation.ProxyTransactionManagementConfiguration'
2025-03-19 11:03:45 DEBUG DefaultListableBeanFactory - Creating shared instance of singleton bean 'transactionAttributeSource'
2025-03-19 11:03:45 TRACE DefaultListableBeanFactory - Creating instance of bean 'transactionAttributeSource'
2025-03-19 11:03:45 TRACE DefaultListableBeanFactory - Returning cached instance of singleton bean 'org.springframework.transaction.annotation.ProxyTransactionManagementConfiguration'
2025-03-19 11:03:45 TRACE DefaultListableBeanFactory - Eagerly caching bean 'transactionAttributeSource' to allow for resolving potential circular references
2025-03-19 11:03:45 TRACE BeanFactoryAdvisorRetrievalHelper - Skipping currently created advisor 'org.springframework.transaction.config.internalTransactionAdvisor'
2025-03-19 11:03:45 TRACE DefaultListableBeanFactory - Finished creating instance of bean 'transactionAttributeSource'
2025-03-19 11:03:45 DEBUG DefaultListableBeanFactory - Creating shared instance of singleton bean 'transactionInterceptor'
2025-03-19 11:03:45 TRACE DefaultListableBeanFactory - Creating instance of bean 'transactionInterceptor'
2025-03-19 11:03:45 TRACE InfrastructureAdvisorAutoProxyCreator - Did not attempt to auto-proxy infrastructure class [org.springframework.transaction.interceptor.TransactionInterceptor]
2025-03-19 11:03:45 TRACE DefaultListableBeanFactory - Returning cached instance of singleton bean 'org.springframework.transaction.annotation.ProxyTransactionManagementConfiguration'
2025-03-19 11:03:45 TRACE DefaultListableBeanFactory - Returning cached instance of singleton bean 'transactionAttributeSource'
2025-03-19 11:03:45 DEBUG DefaultListableBeanFactory - Autowiring by type from bean name 'transactionInterceptor' via factory method to bean named 'transactionAttributeSource'
2025-03-19 11:03:45 TRACE DefaultListableBeanFactory - Eagerly caching bean 'transactionInterceptor' to allow for resolving potential circular references
2025-03-19 11:03:45 TRACE DefaultListableBeanFactory - Invoking afterPropertiesSet() on bean with name 'transactionInterceptor'
2025-03-19 11:03:45 TRACE DefaultListableBeanFactory - Finished creating instance of bean 'transactionInterceptor'
2025-03-19 11:03:45 DEBUG DefaultListableBeanFactory - Autowiring by type from bean name 'org.springframework.transaction.config.internalTransactionAdvisor' via factory method to bean named 'transactionAttributeSource'
2025-03-19 11:03:45 DEBUG DefaultListableBeanFactory - Autowiring by type from bean name 'org.springframework.transaction.config.internalTransactionAdvisor' via factory method to bean named 'transactionInterceptor'
2025-03-19 11:03:45 TRACE DefaultListableBeanFactory - Eagerly caching bean 'org.springframework.transaction.config.internalTransactionAdvisor' to allow for resolving potential circular references
2025-03-19 11:03:45 TRACE DefaultListableBeanFactory - Finished creating instance of bean 'org.springframework.transaction.config.internalTransactionAdvisor'
2025-03-19 11:03:45 TRACE DefaultListableBeanFactory - Finished creating instance of bean 'applicationConfig'
2025-03-19 11:03:45 DEBUG DefaultListableBeanFactory - Creating shared instance of singleton bean 'userDaoImpl'
2025-03-19 11:03:45 TRACE DefaultListableBeanFactory - Creating instance of bean 'userDaoImpl'
2025-03-19 11:03:45 DEBUG DefaultListableBeanFactory - Creating shared instance of singleton bean 'jdbcTemplate'
2025-03-19 11:03:45 TRACE DefaultListableBeanFactory - Creating instance of bean 'jdbcTemplate'
2025-03-19 11:03:45 TRACE DefaultListableBeanFactory - Returning cached instance of singleton bean 'applicationConfig'
2025-03-19 11:03:45 DEBUG DefaultListableBeanFactory - Creating shared instance of singleton bean 'dataSource'
2025-03-19 11:03:45 TRACE DefaultListableBeanFactory - Creating instance of bean 'dataSource'
2025-03-19 11:03:45 TRACE DefaultListableBeanFactory - Returning cached instance of singleton bean 'applicationConfig'
2025-03-19 11:03:45 DEBUG DriverManagerDataSource - Loaded JDBC driver: com.mysql.cj.jdbc.Driver
2025-03-19 11:03:45 TRACE DefaultListableBeanFactory - Eagerly caching bean 'dataSource' to allow for resolving potential circular references
2025-03-19 11:03:45 TRACE DefaultListableBeanFactory - Returning cached instance of singleton bean 'org.springframework.transaction.config.internalTransactionAdvisor'
2025-03-19 11:03:45 TRACE DefaultListableBeanFactory - Finished creating instance of bean 'dataSource'
2025-03-19 11:03:45 TRACE DefaultListableBeanFactory - Eagerly caching bean 'jdbcTemplate' to allow for resolving potential circular references
2025-03-19 11:03:45 TRACE DefaultListableBeanFactory - Invoking afterPropertiesSet() on bean with name 'jdbcTemplate'
2025-03-19 11:03:45 TRACE DefaultListableBeanFactory - Returning cached instance of singleton bean 'org.springframework.transaction.config.internalTransactionAdvisor'
2025-03-19 11:03:45 TRACE DefaultListableBeanFactory - Finished creating instance of bean 'jdbcTemplate'
2025-03-19 11:03:45 DEBUG DefaultListableBeanFactory - Autowiring by type from bean name 'userDaoImpl' via constructor to bean named 'jdbcTemplate'
2025-03-19 11:03:45 TRACE DefaultListableBeanFactory - Eagerly caching bean 'userDaoImpl' to allow for resolving potential circular references
2025-03-19 11:03:45 TRACE DefaultListableBeanFactory - Returning cached instance of singleton bean 'org.springframework.transaction.config.internalTransactionAdvisor'
2025-03-19 11:03:45 TRACE DefaultListableBeanFactory - Finished creating instance of bean 'userDaoImpl'
2025-03-19 11:03:45 DEBUG DefaultListableBeanFactory - Creating shared instance of singleton bean 'userRolesDaoImpl'
2025-03-19 11:03:45 TRACE DefaultListableBeanFactory - Creating instance of bean 'userRolesDaoImpl'
2025-03-19 11:03:45 TRACE DefaultListableBeanFactory - Returning cached instance of singleton bean 'jdbcTemplate'
2025-03-19 11:03:45 DEBUG DefaultListableBeanFactory - Autowiring by type from bean name 'userRolesDaoImpl' via constructor to bean named 'jdbcTemplate'
2025-03-19 11:03:45 TRACE DefaultListableBeanFactory - Eagerly caching bean 'userRolesDaoImpl' to allow for resolving potential circular references
2025-03-19 11:03:45 TRACE DefaultListableBeanFactory - Returning cached instance of singleton bean 'org.springframework.transaction.config.internalTransactionAdvisor'
2025-03-19 11:03:45 TRACE DefaultListableBeanFactory - Finished creating instance of bean 'userRolesDaoImpl'
2025-03-19 11:03:45 DEBUG DefaultListableBeanFactory - Creating shared instance of singleton bean 'userServiceImpl'
2025-03-19 11:03:45 TRACE DefaultListableBeanFactory - Creating instance of bean 'userServiceImpl'
2025-03-19 11:03:45 TRACE DefaultListableBeanFactory - Returning cached instance of singleton bean 'userDaoImpl'
2025-03-19 11:03:45 TRACE DefaultListableBeanFactory - Returning cached instance of singleton bean 'userRolesDaoImpl'
2025-03-19 11:03:45 DEBUG DefaultListableBeanFactory - Autowiring by type from bean name 'userServiceImpl' via constructor to bean named 'userDaoImpl'
2025-03-19 11:03:45 DEBUG DefaultListableBeanFactory - Autowiring by type from bean name 'userServiceImpl' via constructor to bean named 'userRolesDaoImpl'
2025-03-19 11:03:45 TRACE DefaultListableBeanFactory - Eagerly caching bean 'userServiceImpl' to allow for resolving potential circular references
2025-03-19 11:03:45 TRACE DefaultListableBeanFactory - Returning cached instance of singleton bean 'org.springframework.transaction.config.internalTransactionAdvisor'
2025-03-19 11:03:45 TRACE AnnotationTransactionAttributeSource - Adding transactional method 'ie.gti.recordsystem.service.UserServiceImpl.insertUser' with attribute: PROPAGATION_REQUIRED,ISOLATION_DEFAULT
2025-03-19 11:03:45 TRACE InfrastructureAdvisorAutoProxyCreator - Creating implicit proxy for bean 'userServiceImpl' with 0 common interceptors and 1 specific interceptors
2025-03-19 11:03:45 TRACE JdkDynamicAopProxy - Creating JDK dynamic proxy: SingletonTargetSource for target object [ie.gti.recordsystem.service.UserServiceImpl@75b25825]
2025-03-19 11:03:45 TRACE DefaultListableBeanFactory - Finished creating instance of bean 'userServiceImpl'
2025-03-19 11:03:45 DEBUG DefaultListableBeanFactory - Creating shared instance of singleton bean 'frameManager'
2025-03-19 11:03:45 TRACE DefaultListableBeanFactory - Creating instance of bean 'frameManager'
2025-03-19 11:03:45 TRACE DefaultListableBeanFactory - Eagerly caching bean 'frameManager' to allow for resolving potential circular references
2025-03-19 11:03:45 TRACE DefaultListableBeanFactory - Returning cached instance of singleton bean 'org.springframework.transaction.config.internalTransactionAdvisor'
2025-03-19 11:03:45 TRACE DefaultListableBeanFactory - Finished creating instance of bean 'frameManager'
2025-03-19 11:03:45 DEBUG DefaultListableBeanFactory - Creating shared instance of singleton bean 'loginFrame'
2025-03-19 11:03:45 TRACE DefaultListableBeanFactory - Creating instance of bean 'loginFrame'
2025-03-19 11:03:45 TRACE DefaultListableBeanFactory - Eagerly caching bean 'loginFrame' to allow for resolving potential circular references
2025-03-19 11:03:45 DEBUG DefaultListableBeanFactory - Creating shared instance of singleton bean 'mainFrame'
2025-03-19 11:03:45 TRACE DefaultListableBeanFactory - Creating instance of bean 'mainFrame'
2025-03-19 11:03:45 TRACE DefaultListableBeanFactory - Eagerly caching bean 'mainFrame' to allow for resolving potential circular references
2025-03-19 11:03:45 TRACE DefaultListableBeanFactory - Returning cached instance of singleton bean 'org.springframework.transaction.config.internalTransactionAdvisor'
2025-03-19 11:03:45 TRACE DefaultListableBeanFactory - Returning eagerly cached instance of singleton bean 'loginFrame' that is not fully initialized yet - a consequence of a circular reference
2025-03-19 11:03:45 TRACE AutowiredAnnotationBeanPostProcessor - Autowiring by type from bean name 'mainFrame' to bean named 'loginFrame'
2025-03-19 11:03:45 DEBUG DefaultListableBeanFactory - Creating shared instance of singleton bean 'teacherFrame'
2025-03-19 11:03:45 TRACE DefaultListableBeanFactory - Creating instance of bean 'teacherFrame'
2025-03-19 11:03:45 TRACE DefaultListableBeanFactory - Eagerly caching bean 'teacherFrame' to allow for resolving potential circular references
2025-03-19 11:03:45 TRACE DefaultListableBeanFactory - Returning cached instance of singleton bean 'org.springframework.transaction.config.internalTransactionAdvisor'
2025-03-19 11:03:45 TRACE DefaultListableBeanFactory - Returning eagerly cached instance of singleton bean 'mainFrame' that is not fully initialized yet - a consequence of a circular reference
2025-03-19 11:03:45 TRACE AutowiredAnnotationBeanPostProcessor - Autowiring by type from bean name 'teacherFrame' to bean named 'mainFrame'
2025-03-19 11:03:45 TRACE DefaultListableBeanFactory - Returning cached instance of singleton bean 'org.springframework.transaction.config.internalTransactionAdvisor'
2025-03-19 11:03:45 TRACE DefaultListableBeanFactory - Finished creating instance of bean 'teacherFrame'
2025-03-19 11:03:45 TRACE AutowiredAnnotationBeanPostProcessor - Autowiring by type from bean name 'mainFrame' to bean named 'teacherFrame'
2025-03-19 11:03:45 DEBUG DefaultListableBeanFactory - Creating shared instance of singleton bean 'userFrame'
2025-03-19 11:03:45 TRACE DefaultListableBeanFactory - Creating instance of bean 'userFrame'
2025-03-19 11:03:45 TRACE DefaultListableBeanFactory - Eagerly caching bean 'userFrame' to allow for resolving potential circular references
2025-03-19 11:03:45 TRACE DefaultListableBeanFactory - Returning cached instance of singleton bean 'userDaoImpl'
2025-03-19 11:03:45 TRACE AutowiredAnnotationBeanPostProcessor - Autowiring by type from bean name 'userFrame' to bean named 'userDaoImpl'
2025-03-19 11:03:45 TRACE DefaultListableBeanFactory - Returning cached instance of singleton bean 'userServiceImpl'
2025-03-19 11:03:45 TRACE AutowiredAnnotationBeanPostProcessor - Autowiring by type from bean name 'userFrame' to bean named 'userServiceImpl'
2025-03-19 11:03:45 TRACE DefaultListableBeanFactory - Returning eagerly cached instance of singleton bean 'mainFrame' that is not fully initialized yet - a consequence of a circular reference
2025-03-19 11:03:45 TRACE AutowiredAnnotationBeanPostProcessor - Autowiring by type from bean name 'userFrame' to bean named 'mainFrame'
2025-03-19 11:03:45 TRACE DefaultListableBeanFactory - Returning cached instance of singleton bean 'org.springframework.transaction.config.internalTransactionAdvisor'
2025-03-19 11:03:45 TRACE DefaultListableBeanFactory - Finished creating instance of bean 'userFrame'
2025-03-19 11:03:45 TRACE AutowiredAnnotationBeanPostProcessor - Autowiring by type from bean name 'mainFrame' to bean named 'userFrame'
2025-03-19 11:03:45 TRACE DefaultListableBeanFactory - Finished creating instance of bean 'mainFrame'
2025-03-19 11:03:45 TRACE AutowiredAnnotationBeanPostProcessor - Autowiring by type from bean name 'loginFrame' to bean named 'mainFrame'
2025-03-19 11:03:45 TRACE DefaultListableBeanFactory - Returning cached instance of singleton bean 'userDaoImpl'
2025-03-19 11:03:45 TRACE AutowiredAnnotationBeanPostProcessor - Autowiring by type from bean name 'loginFrame' to bean named 'userDaoImpl'
2025-03-19 11:03:45 TRACE DefaultListableBeanFactory - Finished creating instance of bean 'loginFrame'
2025-03-19 11:03:45 TRACE DefaultListableBeanFactory - Returning cached instance of singleton bean 'mainFrame'
2025-03-19 11:03:45 TRACE DefaultListableBeanFactory - Returning cached instance of singleton bean 'teacherFrame'
2025-03-19 11:03:45 TRACE DefaultListableBeanFactory - Returning cached instance of singleton bean 'userFrame'
2025-03-19 11:03:45 TRACE DefaultListableBeanFactory - Returning cached instance of singleton bean 'org.springframework.transaction.annotation.ProxyTransactionManagementConfiguration'
2025-03-19 11:03:45 TRACE DefaultListableBeanFactory - Returning cached instance of singleton bean 'org.springframework.transaction.config.internalTransactionAdvisor'
2025-03-19 11:03:45 TRACE DefaultListableBeanFactory - Returning cached instance of singleton bean 'transactionInterceptor'
2025-03-19 11:03:45 TRACE DefaultListableBeanFactory - Returning cached instance of singleton bean 'transactionAttributeSource'
2025-03-19 11:03:45 TRACE DefaultListableBeanFactory - Returning cached instance of singleton bean 'org.springframework.transaction.config.internalTransactionalEventListenerFactory'
2025-03-19 11:03:45 TRACE DefaultListableBeanFactory - Returning cached instance of singleton bean 'dataSource'
2025-03-19 11:03:45 TRACE DefaultListableBeanFactory - Returning cached instance of singleton bean 'jdbcTemplate'
2025-03-19 11:03:45 DEBUG DefaultListableBeanFactory - Creating shared instance of singleton bean 'transactionManager'
2025-03-19 11:03:45 TRACE DefaultListableBeanFactory - Creating instance of bean 'transactionManager'
2025-03-19 11:03:45 TRACE DefaultListableBeanFactory - Returning cached instance of singleton bean 'applicationConfig'
2025-03-19 11:03:45 TRACE DefaultListableBeanFactory - Returning cached instance of singleton bean 'dataSource'
2025-03-19 11:03:45 TRACE DefaultListableBeanFactory - Eagerly caching bean 'transactionManager' to allow for resolving potential circular references
2025-03-19 11:03:45 TRACE DefaultListableBeanFactory - Invoking afterPropertiesSet() on bean with name 'transactionManager'
2025-03-19 11:03:45 TRACE DefaultListableBeanFactory - Returning cached instance of singleton bean 'org.springframework.transaction.config.internalTransactionAdvisor'
2025-03-19 11:03:45 TRACE DefaultListableBeanFactory - Finished creating instance of bean 'transactionManager'
2025-03-19 11:03:45 TRACE DefaultListableBeanFactory - Returning cached instance of singleton bean 'org.springframework.aop.config.internalAutoProxyCreator'
2025-03-19 11:03:45 TRACE EventListenerMethodProcessor - No @EventListener annotations found on bean class: ie.gti.recordsystem.config.ApplicationConfig$$SpringCGLIB$$0
2025-03-19 11:03:45 TRACE EventListenerMethodProcessor - No @EventListener annotations found on bean class: ie.gti.recordsystem.dao.UserDaoImpl
2025-03-19 11:03:45 TRACE EventListenerMethodProcessor - No @EventListener annotations found on bean class: ie.gti.recordsystem.dao.UserRolesDaoImpl
2025-03-19 11:03:45 TRACE EventListenerMethodProcessor - No @EventListener annotations found on bean class: ie.gti.recordsystem.service.UserServiceImpl
2025-03-19 11:03:45 TRACE EventListenerMethodProcessor - No @EventListener annotations found on bean class: ie.gti.recordsystem.ui.FrameManager
2025-03-19 11:03:45 TRACE EventListenerMethodProcessor - No @EventListener annotations found on bean class: ie.gti.recordsystem.ui.frame.LoginFrame
2025-03-19 11:03:45 TRACE EventListenerMethodProcessor - No @EventListener annotations found on bean class: ie.gti.recordsystem.ui.frame.MainFrame
2025-03-19 11:03:45 TRACE EventListenerMethodProcessor - No @EventListener annotations found on bean class: ie.gti.recordsystem.ui.frame.TeacherFrame
2025-03-19 11:03:45 TRACE EventListenerMethodProcessor - No @EventListener annotations found on bean class: ie.gti.recordsystem.ui.frame.UserFrame
2025-03-19 11:03:45 TRACE EventListenerMethodProcessor - No @EventListener annotations found on bean class: org.springframework.transaction.annotation.ProxyTransactionManagementConfiguration
2025-03-19 11:03:45 TRACE AnnotationConfigApplicationContext - No 'lifecycleProcessor' bean, using [DefaultLifecycleProcessor]
2025-03-19 11:03:45 TRACE DefaultListableBeanFactory - Returning cached instance of singleton bean 'lifecycleProcessor'
2025-03-19 11:03:45 TRACE DefaultListableBeanFactory - Returning cached instance of singleton bean 'loginFrame'
2025-03-19 11:03:52 DEBUG DataSourceUtils - Fetching JDBC Connection from DataSource
2025-03-19 11:03:52 DEBUG DriverManagerDataSource - Creating new JDBC DriverManager Connection to [jdbc:mysql://localhost:3306/gti_record_rey]
2025-03-19 11:03:56 DEBUG DataSourceUtils - Fetching JDBC Connection from DataSource
2025-03-19 11:03:56 DEBUG DriverManagerDataSource - Creating new JDBC DriverManager Connection to [jdbc:mysql://localhost:3306/gti_record_rey]
2025-03-19 11:04:04 TRACE AnnotationTransactionAttributeSource - Adding transactional method 'ie.gti.recordsystem.service.UserServiceImpl.insertUser' with attribute: PROPAGATION_REQUIRED,ISOLATION_DEFAULT
2025-03-19 11:04:04 TRACE DefaultListableBeanFactory - Returning cached instance of singleton bean 'transactionManager'
2025-03-19 11:04:04 DEBUG DataSourceTransactionManager - Creating new transaction with name [ie.gti.recordsystem.service.UserServiceImpl.insertUser]: PROPAGATION_REQUIRED,ISOLATION_DEFAULT
2025-03-19 11:04:04 DEBUG DriverManagerDataSource - Creating new JDBC DriverManager Connection to [jdbc:mysql://localhost:3306/gti_record_rey]
2025-03-19 11:04:04 DEBUG DataSourceTransactionManager - Acquired Connection [com.mysql.cj.jdbc.ConnectionImpl@1688947] for JDBC transaction
2025-03-19 11:04:04 DEBUG DataSourceTransactionManager - Switching JDBC Connection [com.mysql.cj.jdbc.ConnectionImpl@1688947] to manual commit
2025-03-19 11:04:04 TRACE TransactionInterceptor - Getting transaction for [ie.gti.recordsystem.service.UserServiceImpl.insertUser]
2025-03-19 11:04:04 DEBUG SQLStateSQLExceptionTranslator - Extracted SQL state class 'HY' from value 'HY000'
2025-03-19 11:04:04 TRACE TransactionInterceptor - Completing transaction for [ie.gti.recordsystem.service.UserServiceImpl.insertUser] after exception: org.springframework.jdbc.UncategorizedSQLException: PreparedStatementCallback; uncategorized SQLException; SQL state [HY000]; error code [1364]; Field 'ID' doesn't have a default value
2025-03-19 11:04:04 DEBUG DataSourceTransactionManager - Initiating transaction rollback
2025-03-19 11:04:04 DEBUG DataSourceTransactionManager - Rolling back JDBC transaction on Connection [com.mysql.cj.jdbc.ConnectionImpl@1688947]
2025-03-19 11:04:04 DEBUG DataSourceTransactionManager - Releasing JDBC Connection [com.mysql.cj.jdbc.ConnectionImpl@1688947] after transaction
